Release 14.7 Map P.20131013 (nt64)
Xilinx Mapping Report File for Design 'main_sobel'

Design Information
------------------
Command Line   : map -intstyle ise -p xc5vlx110t-ff1136-1 -w -logic_opt off -ol
high -t 1 -register_duplication off -global_opt off -mt off -cm area -ir off -pr
off -lc off -power off -o main_sobel_map.ncd main_sobel.ngd main_sobel.pcf 
Target Device  : xc5vlx110t
Target Package : ff1136
Target Speed   : -1
Mapper Version : virtex5 -- $Revision: 1.55 $
Mapped Date    : Sun Dec 15 20:11:46 2019

Design Summary
--------------
Number of errors:      0
Number of warnings:    0
Slice Logic Utilization:
  Number of Slice Registers:                    72 out of  69,120    1%
    Number used as Flip Flops:                  72
  Number of Slice LUTs:                        139 out of  69,120    1%
    Number used as logic:                      139 out of  69,120    1%
      Number using O6 output only:             134
      Number using O5 output only:               3
      Number using O5 and O6:                    2
  Number of route-thrus:                        15
    Number using O6 output only:                 3
    Number using O5 output only:                12

Slice Logic Distribution:
  Number of occupied Slices:                    66 out of  17,280    1%
  Number of LUT Flip Flop pairs used:          191
    Number with an unused Flip Flop:           119 out of     191   62%
    Number with an unused LUT:                  52 out of     191   27%
    Number of fully used LUT-FF pairs:          20 out of     191   10%
    Number of unique control sets:               2
    Number of slice register sites lost
      to control set restrictions:               0 out of  69,120    0%

  A LUT Flip Flop pair for this architecture represents one LUT paired with
  one Flip Flop within a slice.  A control set is a unique combination of
  clock, reset, set, and enable signals for a registered element.
  The Slice Logic Distribution report is not meaningful if the design is
  over-mapped for a non-slice resource or if Placement fails.
  OVERMAPPING of BRAM resources should be ignored if the design is
  over-mapped for a non-BRAM resource or if placement fails.

IO Utilization:
  Number of bonded IOBs:                        74 out of     640   11%

Specific Feature Utilization:
  Number of BUFG/BUFGCTRLs:                      1 out of      32    3%
    Number used as BUFGs:                        1

Average Fanout of Non-Clock Nets:                2.38

Peak Memory Usage:  4783 MB
Total REAL time to MAP completion:  30 secs 
Total CPU time to MAP completion:   29 secs 

Table of Contents
-----------------
Section 1 - Errors
Section 2 - Warnings
Section 3 - Informational
Section 4 - Removed Logic Summary
Section 5 - Removed Logic
Section 6 - IOB Properties
Section 7 - RPMs
Section 8 - Guide Report
Section 9 - Area Group and Partition Summary
Section 10 - Timing Report
Section 11 - Configuration String Information
Section 12 - Control Set Information
Section 13 - Utilization by Hierarchy

Section 1 - Errors
------------------

Section 2 - Warnings
--------------------

Section 3 - Informational
-------------------------
INFO:LIT:243 - Logical network mem_bus_out<39> has no load.
INFO:LIT:395 - The above info message is repeated 7 more times for the following
   (max. 5 shown):
   mem_bus_out<38>,
   mem_bus_out<37>,
   mem_bus_out<36>,
   mem_bus_out<35>,
   mem_bus_out<34>
   To see the details of these info messages, please use the -detail switch.
INFO:MapLib:562 - No environment variables are currently set.
INFO:LIT:244 - All of the single ended outputs in this design are using slew
   rate limited output drivers. The delay on speed critical single ended outputs
   can be dramatically reduced by designating them as fast outputs.
INFO:Pack:1716 - Initializing temperature to 85.000 Celsius. (default - Range:
   0.000 to 85.000 Celsius)
INFO:Pack:1720 - Initializing voltage to 0.950 Volts. (default - Range: 0.950 to
   1.050 Volts)
INFO:Map:215 - The Interim Design Summary has been generated in the MAP Report
   (.mrp).
INFO:Pack:1650 - Map created a placed design.

Section 4 - Removed Logic Summary
---------------------------------
   2 block(s) optimized away

Section 5 - Removed Logic
-------------------------

Optimized Block(s):
TYPE 		BLOCK
GND 		XST_GND
VCC 		XST_VCC

To enable printing of redundant blocks removed and signals merged, set the
detailed map report option and rerun map.

Section 6 - IOB Properties
--------------------------

+---------------------------------------------------------------------------------------------------------------------------------------------------------+
| IOB Name                           | Type             | Direction | IO Standard          | Diff  | Drive    | Slew | Reg (s)      | Resistor | IOB      |
|                                    |                  |           |                      | Term  | Strength | Rate |              |          | Delay    |
+---------------------------------------------------------------------------------------------------------------------------------------------------------+
| bus_out<0>                         | IOB              | OUTPUT    | LVCMOS25             |       | 12       | SLOW |              |          |          |
| bus_out<1>                         | IOB              | OUTPUT    | LVCMOS25             |       | 12       | SLOW |              |          |          |
| bus_out<2>                         | IOB              | OUTPUT    | LVCMOS25             |       | 12       | SLOW |              |          |          |
| bus_out<3>                         | IOB              | OUTPUT    | LVCMOS25             |       | 12       | SLOW |              |          |          |
| bus_out<4>                         | IOB              | OUTPUT    | LVCMOS25             |       | 12       | SLOW |              |          |          |
| bus_out<5>                         | IOB              | OUTPUT    | LVCMOS25             |       | 12       | SLOW |              |          |          |
| bus_out<6>                         | IOB              | OUTPUT    | LVCMOS25             |       | 12       | SLOW |              |          |          |
| bus_out<7>                         | IOB              | OUTPUT    | LVCMOS25             |       | 12       | SLOW |              |          |          |
| clk                                | IOB              | INPUT     | LVCMOS25             |       |          |      |              |          |          |
| mem_bus_out<0>                     | IOB              | INPUT     | LVCMOS25             |       |          |      |              |          |          |
| mem_bus_out<1>                     | IOB              | INPUT     | LVCMOS25             |       |          |      |              |          |          |
| mem_bus_out<2>                     | IOB              | INPUT     | LVCMOS25             |       |          |      |              |          |          |
| mem_bus_out<3>                     | IOB              | INPUT     | LVCMOS25             |       |          |      |              |          |          |
| mem_bus_out<4>                     | IOB              | INPUT     | LVCMOS25             |       |          |      |              |          |          |
| mem_bus_out<5>                     | IOB              | INPUT     | LVCMOS25             |       |          |      |              |          |          |
| mem_bus_out<6>                     | IOB              | INPUT     | LVCMOS25             |       |          |      |              |          |          |
| mem_bus_out<7>                     | IOB              | INPUT     | LVCMOS25             |       |          |      |              |          |          |
| mem_bus_out<8>                     | IOB              | INPUT     | LVCMOS25             |       |          |      |              |          |          |
| mem_bus_out<9>                     | IOB              | INPUT     | LVCMOS25             |       |          |      |              |          |          |
| mem_bus_out<10>                    | IOB              | INPUT     | LVCMOS25             |       |          |      |              |          |          |
| mem_bus_out<11>                    | IOB              | INPUT     | LVCMOS25             |       |          |      |              |          |          |
| mem_bus_out<12>                    | IOB              | INPUT     | LVCMOS25             |       |          |      |              |          |          |
| mem_bus_out<13>                    | IOB              | INPUT     | LVCMOS25             |       |          |      |              |          |          |
| mem_bus_out<14>                    | IOB              | INPUT     | LVCMOS25             |       |          |      |              |          |          |
| mem_bus_out<15>                    | IOB              | INPUT     | LVCMOS25             |       |          |      |              |          |          |
| mem_bus_out<16>                    | IOB              | INPUT     | LVCMOS25             |       |          |      |              |          |          |
| mem_bus_out<17>                    | IOB              | INPUT     | LVCMOS25             |       |          |      |              |          |          |
| mem_bus_out<18>                    | IOB              | INPUT     | LVCMOS25             |       |          |      |              |          |          |
| mem_bus_out<19>                    | IOB              | INPUT     | LVCMOS25             |       |          |      |              |          |          |
| mem_bus_out<20>                    | IOB              | INPUT     | LVCMOS25             |       |          |      |              |          |          |
| mem_bus_out<21>                    | IOB              | INPUT     | LVCMOS25             |       |          |      |              |          |          |
| mem_bus_out<22>                    | IOB              | INPUT     | LVCMOS25             |       |          |      |              |          |          |
| mem_bus_out<23>                    | IOB              | INPUT     | LVCMOS25             |       |          |      |              |          |          |
| mem_bus_out<24>                    | IOB              | INPUT     | LVCMOS25             |       |          |      |              |          |          |
| mem_bus_out<25>                    | IOB              | INPUT     | LVCMOS25             |       |          |      |              |          |          |
| mem_bus_out<26>                    | IOB              | INPUT     | LVCMOS25             |       |          |      |              |          |          |
| mem_bus_out<27>                    | IOB              | INPUT     | LVCMOS25             |       |          |      |              |          |          |
| mem_bus_out<28>                    | IOB              | INPUT     | LVCMOS25             |       |          |      |              |          |          |
| mem_bus_out<29>                    | IOB              | INPUT     | LVCMOS25             |       |          |      |              |          |          |
| mem_bus_out<30>                    | IOB              | INPUT     | LVCMOS25             |       |          |      |              |          |          |
| mem_bus_out<31>                    | IOB              | INPUT     | LVCMOS25             |       |          |      |              |          |          |
| mem_bus_out<40>                    | IOB              | INPUT     | LVCMOS25             |       |          |      |              |          |          |
| mem_bus_out<41>                    | IOB              | INPUT     | LVCMOS25             |       |          |      |              |          |          |
| mem_bus_out<42>                    | IOB              | INPUT     | LVCMOS25             |       |          |      |              |          |          |
| mem_bus_out<43>                    | IOB              | INPUT     | LVCMOS25             |       |          |      |              |          |          |
| mem_bus_out<44>                    | IOB              | INPUT     | LVCMOS25             |       |          |      |              |          |          |
| mem_bus_out<45>                    | IOB              | INPUT     | LVCMOS25             |       |          |      |              |          |          |
| mem_bus_out<46>                    | IOB              | INPUT     | LVCMOS25             |       |          |      |              |          |          |
| mem_bus_out<47>                    | IOB              | INPUT     | LVCMOS25             |       |          |      |              |          |          |
| mem_bus_out<48>                    | IOB              | INPUT     | LVCMOS25             |       |          |      |              |          |          |
| mem_bus_out<49>                    | IOB              | INPUT     | LVCMOS25             |       |          |      |              |          |          |
| mem_bus_out<50>                    | IOB              | INPUT     | LVCMOS25             |       |          |      |              |          |          |
| mem_bus_out<51>                    | IOB              | INPUT     | LVCMOS25             |       |          |      |              |          |          |
| mem_bus_out<52>                    | IOB              | INPUT     | LVCMOS25             |       |          |      |              |          |          |
| mem_bus_out<53>                    | IOB              | INPUT     | LVCMOS25             |       |          |      |              |          |          |
| mem_bus_out<54>                    | IOB              | INPUT     | LVCMOS25             |       |          |      |              |          |          |
| mem_bus_out<55>                    | IOB              | INPUT     | LVCMOS25             |       |          |      |              |          |          |
| mem_bus_out<56>                    | IOB              | INPUT     | LVCMOS25             |       |          |      |              |          |          |
| mem_bus_out<57>                    | IOB              | INPUT     | LVCMOS25             |       |          |      |              |          |          |
| mem_bus_out<58>                    | IOB              | INPUT     | LVCMOS25             |       |          |      |              |          |          |
| mem_bus_out<59>                    | IOB              | INPUT     | LVCMOS25             |       |          |      |              |          |          |
| mem_bus_out<60>                    | IOB              | INPUT     | LVCMOS25             |       |          |      |              |          |          |
| mem_bus_out<61>                    | IOB              | INPUT     | LVCMOS25             |       |          |      |              |          |          |
| mem_bus_out<62>                    | IOB              | INPUT     | LVCMOS25             |       |          |      |              |          |          |
| mem_bus_out<63>                    | IOB              | INPUT     | LVCMOS25             |       |          |      |              |          |          |
| mem_bus_out<64>                    | IOB              | INPUT     | LVCMOS25             |       |          |      |              |          |          |
| mem_bus_out<65>                    | IOB              | INPUT     | LVCMOS25             |       |          |      |              |          |          |
| mem_bus_out<66>                    | IOB              | INPUT     | LVCMOS25             |       |          |      |              |          |          |
| mem_bus_out<67>                    | IOB              | INPUT     | LVCMOS25             |       |          |      |              |          |          |
| mem_bus_out<68>                    | IOB              | INPUT     | LVCMOS25             |       |          |      |              |          |          |
| mem_bus_out<69>                    | IOB              | INPUT     | LVCMOS25             |       |          |      |              |          |          |
| mem_bus_out<70>                    | IOB              | INPUT     | LVCMOS25             |       |          |      |              |          |          |
| mem_bus_out<71>                    | IOB              | INPUT     | LVCMOS25             |       |          |      |              |          |          |
| rst                                | IOB              | INPUT     | LVCMOS25             |       |          |      |              |          |          |
+---------------------------------------------------------------------------------------------------------------------------------------------------------+

Section 7 - RPMs
----------------

Section 8 - Guide Report
------------------------
Guide not run on this design.

Section 9 - Area Group and Partition Summary
--------------------------------------------

Partition Implementation Status
-------------------------------

  No Partitions were found in this design.

-------------------------------

Area Group Information
----------------------

  No area groups were found in this design.

----------------------

Section 10 - Timing Report
--------------------------
A logic-level (pre-route) timing report can be generated by using Xilinx static
timing analysis tools, Timing Analyzer (GUI) or TRCE (command line), with the
mapped NCD and PCF files. Please note that this timing report will be generated
using estimated delay information. For accurate numbers, please generate a
timing report with the post Place and Route NCD file.

For more information about the Timing Analyzer, consult the Xilinx Timing
Analyzer Reference Manual; for more information about TRCE, consult the Xilinx
Command Line Tools User Guide "TRACE" chapter.

Section 11 - Configuration String Details
-----------------------------------------
Use the "-detail" map option to print out Configuration Strings

Section 12 - Control Set Information
------------------------------------
Use the "-detail" map option to print out Control Set Information.

Section 13 - Utilization by Hierarchy
-------------------------------------
Use the "-detail" map option to print out the Utilization by Hierarchy section.
